16-May-2019 11:47:45.720 INFO [main] org.apache.catalina.startup.VersionLoggerListener.log Server version name:   Apache Tomcat/9.0.20
16-May-2019 11:47:45.721 INFO [main] org.apache.catalina.startup.VersionLoggerListener.log Server built:          May 3 2019 22:26:00 UTC
16-May-2019 11:47:45.721 INFO [main] org.apache.catalina.startup.VersionLoggerListener.log Server version number: 9.0.20.0
16-May-2019 11:47:45.722 INFO [main] org.apache.catalina.startup.VersionLoggerListener.log OS Name:               Linux
16-May-2019 11:47:45.722 INFO [main] org.apache.catalina.startup.VersionLoggerListener.log OS Version:            5.0.13-arch1-1-ARCH
16-May-2019 11:47:45.722 INFO [main] org.apache.catalina.startup.VersionLoggerListener.log Architecture:          amd64
16-May-2019 11:47:45.722 INFO [main] org.apache.catalina.startup.VersionLoggerListener.log Java Home:             /usr/lib/jvm/java-8-openjdk/jre
16-May-2019 11:47:45.722 INFO [main] org.apache.catalina.startup.VersionLoggerListener.log JVM Version:           1.8.0_212-b01
16-May-2019 11:47:45.722 INFO [main] org.apache.catalina.startup.VersionLoggerListener.log JVM Vendor:            Oracle Corporation
16-May-2019 11:47:45.722 INFO [main] org.apache.catalina.startup.VersionLoggerListener.log CATALINA_BASE:         /data/1/010/spectrometer/server/apache-tomcat-9.0.20
16-May-2019 11:47:45.722 INFO [main] org.apache.catalina.startup.VersionLoggerListener.log CATALINA_HOME:         /data/1/010/spectrometer/server/apache-tomcat-9.0.20
16-May-2019 11:47:45.723 INFO [main] org.apache.catalina.startup.VersionLoggerListener.log Command line argument: -Djava.util.logging.config.file=/home/kirill/1/010/spectrometer/server/apache-tomcat-9.0.20/conf/logging.properties
16-May-2019 11:47:45.723 INFO [main] org.apache.catalina.startup.VersionLoggerListener.log Command line argument: -Djava.util.logging.manager=org.apache.juli.ClassLoaderLogManager
16-May-2019 11:47:45.723 INFO [main] org.apache.catalina.startup.VersionLoggerListener.log Command line argument: -Djdk.tls.ephemeralDHKeySize=2048
16-May-2019 11:47:45.723 INFO [main] org.apache.catalina.startup.VersionLoggerListener.log Command line argument: -Djava.protocol.handler.pkgs=org.apache.catalina.webresources
16-May-2019 11:47:45.723 INFO [main] org.apache.catalina.startup.VersionLoggerListener.log Command line argument: -Dorg.apache.catalina.security.SecurityListener.UMASK=0027
16-May-2019 11:47:45.723 INFO [main] org.apache.catalina.startup.VersionLoggerListener.log Command line argument: -Dignore.endorsed.dirs=
16-May-2019 11:47:45.723 INFO [main] org.apache.catalina.startup.VersionLoggerListener.log Command line argument: -Dcatalina.base=/home/kirill/1/010/spectrometer/server/apache-tomcat-9.0.20
16-May-2019 11:47:45.723 INFO [main] org.apache.catalina.startup.VersionLoggerListener.log Command line argument: -Dcatalina.home=/home/kirill/1/010/spectrometer/server/apache-tomcat-9.0.20
16-May-2019 11:47:45.723 INFO [main] org.apache.catalina.startup.VersionLoggerListener.log Command line argument: -Djava.io.tmpdir=/home/kirill/1/010/spectrometer/server/apache-tomcat-9.0.20/temp
16-May-2019 11:47:45.723 INFO [main] org.apache.catalina.startup.VersionLoggerListener.log Command line argument: -Dawt.useSystemAAFontSettings=lcd
16-May-2019 11:47:45.723 INFO [main] org.apache.catalina.core.AprLifecycleListener.lifecycleEvent The APR based Apache Tomcat Native library which allows optimal performance in production environments was not found on the java.library.path: [/usr/java/packages/lib/amd64:/usr/lib64:/lib64:/lib:/usr/lib]
16-May-2019 11:47:45.895 INFO [main] org.apache.coyote.AbstractProtocol.init Initializing ProtocolHandler ["http-nio-8080"]
16-May-2019 11:47:45.910 INFO [main] org.apache.coyote.AbstractProtocol.init Initializing ProtocolHandler ["ajp-nio-8009"]
16-May-2019 11:47:45.912 INFO [main] org.apache.catalina.startup.Catalina.load Server initialization in [316] milliseconds
16-May-2019 11:47:45.938 INFO [main] org.apache.catalina.core.StandardService.startInternal Starting service [Catalina]
16-May-2019 11:47:45.938 INFO [main] org.apache.catalina.core.StandardEngine.startInternal Starting Servlet engine: [Apache Tomcat/9.0.20]
16-May-2019 11:47:45.943 INFO [main] org.apache.catalina.startup.HostConfig.deployDirectory Установка веб приложения в папку [/data/1/010/spectrometer/server/apache-tomcat-9.0.20/webapps/ROOT]
16-May-2019 11:47:46.107 INFO [main] org.apache.jasper.servlet.TldScanner.scanJars At least one JAR was scanned for TLDs yet contained no TLDs. Enable debug logging for this logger for a complete list of JARs that were scanned but no TLDs were found in them. Skipping unneeded JARs during scanning can improve startup time and JSP compilation time.
16-May-2019 11:47:46.133 INFO [main] org.apache.catalina.startup.HostConfig.deployDirectory Deployment of web application directory [/data/1/010/spectrometer/server/apache-tomcat-9.0.20/webapps/ROOT] has finished in [190] ms
16-May-2019 11:47:46.135 INFO [main] org.apache.coyote.AbstractProtocol.start Starting ProtocolHandler ["http-nio-8080"]
16-May-2019 11:47:46.143 INFO [main] org.apache.coyote.AbstractProtocol.start Starting ProtocolHandler ["ajp-nio-8009"]
16-May-2019 11:47:46.150 INFO [main] org.apache.catalina.startup.Catalina.start Server startup in [237] milliseconds
16-May-2019 11:50:18.546 INFO [main] org.apache.catalina.core.StandardServer.await A valid shutdown command was received via the shutdown port. Stopping the Server instance.
16-May-2019 11:50:18.546 INFO [main] org.apache.coyote.AbstractProtocol.pause Pausing ProtocolHandler ["http-nio-8080"]
16-May-2019 11:50:18.553 INFO [main] org.apache.coyote.AbstractProtocol.pause Pausing ProtocolHandler ["ajp-nio-8009"]
16-May-2019 11:50:18.559 INFO [main] org.apache.catalina.core.StandardService.stopInternal Stopping service [Catalina]
16-May-2019 11:50:18.570 INFO [main] org.apache.coyote.AbstractProtocol.stop Stopping ProtocolHandler ["http-nio-8080"]
16-May-2019 11:50:18.571 INFO [main] org.apache.coyote.AbstractProtocol.stop Stopping ProtocolHandler ["ajp-nio-8009"]
16-May-2019 11:50:18.571 INFO [main] org.apache.coyote.AbstractProtocol.destroy Destroying ProtocolHandler ["http-nio-8080"]
16-May-2019 11:50:18.572 INFO [main] org.apache.coyote.AbstractProtocol.destroy Destroying ProtocolHandler ["ajp-nio-8009"]
16-May-2019 17:34:13.189 INFO [main] org.apache.catalina.startup.VersionLoggerListener.log Server version name:   Apache Tomcat/9.0.20
16-May-2019 17:34:13.194 INFO [main] org.apache.catalina.startup.VersionLoggerListener.log Server built:          May 3 2019 22:26:00 UTC
16-May-2019 17:34:13.195 INFO [main] org.apache.catalina.startup.VersionLoggerListener.log Server version number: 9.0.20.0
16-May-2019 17:34:13.195 INFO [main] org.apache.catalina.startup.VersionLoggerListener.log OS Name:               Linux
16-May-2019 17:34:13.195 INFO [main] org.apache.catalina.startup.VersionLoggerListener.log OS Version:            5.0.13-arch1-1-ARCH
16-May-2019 17:34:13.195 INFO [main] org.apache.catalina.startup.VersionLoggerListener.log Architecture:          amd64
16-May-2019 17:34:13.195 INFO [main] org.apache.catalina.startup.VersionLoggerListener.log Java Home:             /usr/lib/jvm/java-8-openjdk/jre
16-May-2019 17:34:13.195 INFO [main] org.apache.catalina.startup.VersionLoggerListener.log JVM Version:           1.8.0_212-b01
16-May-2019 17:34:13.195 INFO [main] org.apache.catalina.startup.VersionLoggerListener.log JVM Vendor:            Oracle Corporation
16-May-2019 17:34:13.195 INFO [main] org.apache.catalina.startup.VersionLoggerListener.log CATALINA_BASE:         /data/1/010/spectrometer/server/apache-tomcat-9.0.20
16-May-2019 17:34:13.195 INFO [main] org.apache.catalina.startup.VersionLoggerListener.log CATALINA_HOME:         /data/1/010/spectrometer/server/apache-tomcat-9.0.20
16-May-2019 17:34:13.201 INFO [main] org.apache.catalina.startup.VersionLoggerListener.log Command line argument: -Djava.util.logging.config.file=/home/kirill/1/010/spectrometer/server/apache-tomcat-9.0.20/conf/logging.properties
16-May-2019 17:34:13.201 INFO [main] org.apache.catalina.startup.VersionLoggerListener.log Command line argument: -Djava.util.logging.manager=org.apache.juli.ClassLoaderLogManager
16-May-2019 17:34:13.201 INFO [main] org.apache.catalina.startup.VersionLoggerListener.log Command line argument: -Djdk.tls.ephemeralDHKeySize=2048
16-May-2019 17:34:13.201 INFO [main] org.apache.catalina.startup.VersionLoggerListener.log Command line argument: -Djava.protocol.handler.pkgs=org.apache.catalina.webresources
16-May-2019 17:34:13.201 INFO [main] org.apache.catalina.startup.VersionLoggerListener.log Command line argument: -Dorg.apache.catalina.security.SecurityListener.UMASK=0027
16-May-2019 17:34:13.201 INFO [main] org.apache.catalina.startup.VersionLoggerListener.log Command line argument: -Dignore.endorsed.dirs=
16-May-2019 17:34:13.201 INFO [main] org.apache.catalina.startup.VersionLoggerListener.log Command line argument: -Dcatalina.base=/home/kirill/1/010/spectrometer/server/apache-tomcat-9.0.20
16-May-2019 17:34:13.202 INFO [main] org.apache.catalina.startup.VersionLoggerListener.log Command line argument: -Dcatalina.home=/home/kirill/1/010/spectrometer/server/apache-tomcat-9.0.20
16-May-2019 17:34:13.202 INFO [main] org.apache.catalina.startup.VersionLoggerListener.log Command line argument: -Djava.io.tmpdir=/home/kirill/1/010/spectrometer/server/apache-tomcat-9.0.20/temp
16-May-2019 17:34:13.202 INFO [main] org.apache.catalina.startup.VersionLoggerListener.log Command line argument: -Dawt.useSystemAAFontSettings=lcd
16-May-2019 17:34:13.202 INFO [main] org.apache.catalina.core.AprLifecycleListener.lifecycleEvent The APR based Apache Tomcat Native library which allows optimal performance in production environments was not found on the java.library.path: [/usr/java/packages/lib/amd64:/usr/lib64:/lib64:/lib:/usr/lib]
16-May-2019 17:34:13.386 INFO [main] org.apache.coyote.AbstractProtocol.init Initializing ProtocolHandler ["http-nio-8080"]
16-May-2019 17:34:13.399 SEVERE [main] org.apache.catalina.util.LifecycleBase.handleSubClassException Failed to initialize component [Connector[HTTP/1.1-8080]]
	org.apache.catalina.LifecycleException: Protocol handler initialization failed
		at org.apache.catalina.connector.Connector.initInternal(Connector.java:983)
		at org.apache.catalina.util.LifecycleBase.init(LifecycleBase.java:136)
		at org.apache.catalina.core.StandardService.initInternal(StandardService.java:533)
		at org.apache.catalina.util.LifecycleBase.init(LifecycleBase.java:136)
		at org.apache.catalina.core.StandardServer.initInternal(StandardServer.java:1059)
		at org.apache.catalina.util.LifecycleBase.init(LifecycleBase.java:136)
		at org.apache.catalina.startup.Catalina.load(Catalina.java:584)
		at org.apache.catalina.startup.Catalina.load(Catalina.java:607)
		at sun.reflect.NativeMethodAccessorImpl.invoke0(Native Method)
		at sun.reflect.NativeMethodAccessorImpl.invoke(NativeMethodAccessorImpl.java:62)
		at sun.reflect.DelegatingMethodAccessorImpl.invoke(DelegatingMethodAccessorImpl.java:43)
		at java.lang.reflect.Method.invoke(Method.java:498)
		at org.apache.catalina.startup.Bootstrap.load(Bootstrap.java:304)
		at org.apache.catalina.startup.Bootstrap.main(Bootstrap.java:474)
	Caused by: java.net.BindException: Адрес уже используется
		at sun.nio.ch.Net.bind0(Native Method)
		at sun.nio.ch.Net.bind(Net.java:433)
		at sun.nio.ch.Net.bind(Net.java:425)
		at sun.nio.ch.ServerSocketChannelImpl.bind(ServerSocketChannelImpl.java:223)
		at sun.nio.ch.ServerSocketAdaptor.bind(ServerSocketAdaptor.java:74)
		at org.apache.tomcat.util.net.NioEndpoint.initServerSocket(NioEndpoint.java:248)
		at org.apache.tomcat.util.net.NioEndpoint.bind(NioEndpoint.java:222)
		at org.apache.tomcat.util.net.AbstractEndpoint.bindWithCleanup(AbstractEndpoint.java:1119)
		at org.apache.tomcat.util.net.AbstractEndpoint.init(AbstractEndpoint.java:1132)
		at org.apache.coyote.AbstractProtocol.init(AbstractProtocol.java:557)
		at org.apache.coyote.http11.AbstractHttp11Protocol.init(AbstractHttp11Protocol.java:74)
		at org.apache.catalina.connector.Connector.initInternal(Connector.java:980)
		... 13 more
16-May-2019 17:34:13.401 INFO [main] org.apache.coyote.AbstractProtocol.init Initializing ProtocolHandler ["ajp-nio-8009"]
16-May-2019 17:34:13.402 SEVERE [main] org.apache.catalina.util.LifecycleBase.handleSubClassException Failed to initialize component [Connector[AJP/1.3-8009]]
	org.apache.catalina.LifecycleException: Protocol handler initialization failed
		at org.apache.catalina.connector.Connector.initInternal(Connector.java:983)
		at org.apache.catalina.util.LifecycleBase.init(LifecycleBase.java:136)
		at org.apache.catalina.core.StandardService.initInternal(StandardService.java:533)
		at org.apache.catalina.util.LifecycleBase.init(LifecycleBase.java:136)
		at org.apache.catalina.core.StandardServer.initInternal(StandardServer.java:1059)
		at org.apache.catalina.util.LifecycleBase.init(LifecycleBase.java:136)
		at org.apache.catalina.startup.Catalina.load(Catalina.java:584)
		at org.apache.catalina.startup.Catalina.load(Catalina.java:607)
		at sun.reflect.NativeMethodAccessorImpl.invoke0(Native Method)
		at sun.reflect.NativeMethodAccessorImpl.invoke(NativeMethodAccessorImpl.java:62)
		at sun.reflect.DelegatingMethodAccessorImpl.invoke(DelegatingMethodAccessorImpl.java:43)
		at java.lang.reflect.Method.invoke(Method.java:498)
		at org.apache.catalina.startup.Bootstrap.load(Bootstrap.java:304)
		at org.apache.catalina.startup.Bootstrap.main(Bootstrap.java:474)
	Caused by: java.net.BindException: Адрес уже используется
		at sun.nio.ch.Net.bind0(Native Method)
		at sun.nio.ch.Net.bind(Net.java:433)
		at sun.nio.ch.Net.bind(Net.java:425)
		at sun.nio.ch.ServerSocketChannelImpl.bind(ServerSocketChannelImpl.java:223)
		at sun.nio.ch.ServerSocketAdaptor.bind(ServerSocketAdaptor.java:74)
		at org.apache.tomcat.util.net.NioEndpoint.initServerSocket(NioEndpoint.java:248)
		at org.apache.tomcat.util.net.NioEndpoint.bind(NioEndpoint.java:222)
		at org.apache.tomcat.util.net.AbstractEndpoint.bindWithCleanup(AbstractEndpoint.java:1119)
		at org.apache.tomcat.util.net.AbstractEndpoint.init(AbstractEndpoint.java:1132)
		at org.apache.coyote.AbstractProtocol.init(AbstractProtocol.java:557)
		at org.apache.catalina.connector.Connector.initInternal(Connector.java:980)
		... 13 more
16-May-2019 17:34:13.404 INFO [main] org.apache.catalina.startup.Catalina.load Server initialization in [501] milliseconds
16-May-2019 17:34:13.420 INFO [main] org.apache.catalina.core.StandardService.startInternal Starting service [Catalina]
16-May-2019 17:34:13.420 INFO [main] org.apache.catalina.core.StandardEngine.startInternal Starting Servlet engine: [Apache Tomcat/9.0.20]
16-May-2019 17:34:13.427 INFO [main] org.apache.catalina.startup.HostConfig.deployDirectory Установка веб приложения в папку [/data/1/010/spectrometer/server/apache-tomcat-9.0.20/webapps/ROOT]
16-May-2019 17:34:13.597 INFO [main] org.apache.jasper.servlet.TldScanner.scanJars At least one JAR was scanned for TLDs yet contained no TLDs. Enable debug logging for this logger for a complete list of JARs that were scanned but no TLDs were found in them. Skipping unneeded JARs during scanning can improve startup time and JSP compilation time.
16-May-2019 17:34:13.683 INFO [main] org.apache.catalina.startup.HostConfig.deployDirectory Deployment of web application directory [/data/1/010/spectrometer/server/apache-tomcat-9.0.20/webapps/ROOT] has finished in [256] ms
16-May-2019 17:34:13.686 INFO [main] org.apache.catalina.startup.Catalina.start Server startup in [282] milliseconds
16-May-2019 17:34:13.688 SEVERE [main] org.apache.catalina.core.StandardServer.await Failed to create server shutdown socket on address [localhost] and port [8005] (base port [8005] and offset [0])
	java.net.BindException: Адрес уже используется (Bind failed)
		at java.net.PlainSocketImpl.socketBind(Native Method)
		at java.net.AbstractPlainSocketImpl.bind(AbstractPlainSocketImpl.java:387)
		at java.net.ServerSocket.bind(ServerSocket.java:375)
		at java.net.ServerSocket.<init>(ServerSocket.java:237)
		at org.apache.catalina.core.StandardServer.await(StandardServer.java:584)
		at org.apache.catalina.startup.Catalina.await(Catalina.java:721)
		at org.apache.catalina.startup.Catalina.start(Catalina.java:667)
		at sun.reflect.NativeMethodAccessorImpl.invoke0(Native Method)
		at sun.reflect.NativeMethodAccessorImpl.invoke(NativeMethodAccessorImpl.java:62)
		at sun.reflect.DelegatingMethodAccessorImpl.invoke(DelegatingMethodAccessorImpl.java:43)
		at java.lang.reflect.Method.invoke(Method.java:498)
		at org.apache.catalina.startup.Bootstrap.start(Bootstrap.java:344)
		at org.apache.catalina.startup.Bootstrap.main(Bootstrap.java:475)
16-May-2019 17:34:13.688 INFO [main] org.apache.coyote.AbstractProtocol.pause Pausing ProtocolHandler ["http-nio-8080"]
16-May-2019 17:34:13.689 INFO [main] org.apache.coyote.AbstractProtocol.pause Pausing ProtocolHandler ["ajp-nio-8009"]
16-May-2019 17:34:13.689 INFO [main] org.apache.catalina.core.StandardService.stopInternal Stopping service [Catalina]
16-May-2019 17:34:13.704 INFO [main] org.apache.coyote.AbstractProtocol.stop Stopping ProtocolHandler ["http-nio-8080"]
16-May-2019 17:34:13.705 INFO [main] org.apache.coyote.AbstractProtocol.destroy Destroying ProtocolHandler ["http-nio-8080"]
16-May-2019 17:34:13.705 INFO [main] org.apache.coyote.AbstractProtocol.stop Stopping ProtocolHandler ["ajp-nio-8009"]
16-May-2019 17:34:13.705 INFO [main] org.apache.coyote.AbstractProtocol.destroy Destroying ProtocolHandler ["ajp-nio-8009"]
